#
# A fatal error has been detected by the Java Runtime Environment:
#
#  SIGSEGV (0xb) at pc=0x00000001030c89a5, pid=794, tid=21543
#
# JRE version: Java(TM) SE Runtime Environment (7.0_71-b14) (build 1.7.0_71-b14)
# Java VM: Java HotSpot(TM) 64-Bit Server VM (24.71-b01 mixed mode bsd-amd64 compressed oops)
# Problematic frame:
# J 1743 C2 org.codehaus.groovy.ast.ClassNode.getDeclaredMethodsMap()Ljava/util/Map; (193 bytes) @ 0x00000001030c89a5 [0x00000001030c20c0+0x68e5]
#
# Failed to write core dump. Core dumps have been disabled. To enable core dumping, try "ulimit -c unlimited" before starting Java again
#
# If you would like to submit a bug report, please visit:
#   http://bugreport.sun.com/bugreport/crash.jsp
#

---------------  T H R E A D  ---------------

Current thread (0x00007fbd4ab69800):  JavaThread "Daemon worker Thread 11" [_thread_in_Java, id=21543, stack(0x000000010ccef000,0x000000010cdef000)]

siginfo:si_signo=SIGSEGV: si_errno=0, si_code=1 (SEGV_MAPERR), si_addr=0x0000000000000000

Registers:
RAX=0x0000000000000000, RBX=0x00000007eacbaa10, RCX=0x0000000000000018, RDX=0x0000000000000000
RSP=0x000000010cde8028, RBP=0x00000000fd590a44, RSI=0x00000007c02c33b0, RDI=0x00000007c013596c
R8 =0x0000000000000000, R9 =0x0000000000000017, R10=0x00000000fd590a3b, R11=0x00000000f8058676
R12=0x0000000000000000, R13=0x00000007c05934e8, R14=0x0000000000000016, R15=0x00007fbd4ab69800
RIP=0x00000001030c89a5, EFLAGS=0x0000000000010202, ERR=0x0000000000000006
  TRAPNO=0x000000000000000e

Top of Stack: (sp=0x000000010cde8028)
0x000000010cde8028:   00000001030c3f80 00000011fd597546
0x000000010cde8038:   00000007eac85480 00000007eacb9980
0x000000010cde8048:   000000170000005b 0000000000000001
0x000000010cde8058:   00000007eacbaa30 00000007eac85430
0x000000010cde8068:   00000007eacba9e8 0000000700000000
0x000000010cde8078:   00000007eacbaa30 000000010cde80f0
0x000000010cde8088:   0000000102a06058 0000000700000002
0x000000010cde8098:   00000007eacb9980 00000007c0135940
0x000000010cde80a8:   00000007eac853f0 00000007eac85248
0x000000010cde80b8:   00000001033b0a44 000000010cde8108
0x000000010cde80c8:   00000007b11a2550 0000000000000000
0x000000010cde80d8:   00000007eacb9948 0000000000000000
0x000000010cde80e8:   000000010cde8100 000000010cde8150
0x000000010cde80f8:   0000000102a06233 0000000102a06233
0x000000010cde8108:   00000007eac85248 000000010cde8110
0x000000010cde8118:   00000007b11769a4 000000010cde81a8
0x000000010cde8128:   00000007b11998e0 0000000000000000
0x000000010cde8138:   00000007b1176b18 000000010cde8108
0x000000010cde8148:   000000010cde81a0 000000010cde81f0
0x000000010cde8158:   0000000102a06058 0000000000000000
0x000000010cde8168:   0000000000000000 0000000000000000
0x000000010cde8178:   0000000000000000 0000000000000000
0x000000010cde8188:   0000000000000000 0000000000000000
0x000000010cde8198:   0000000000000000 00000007eacb9780
0x000000010cde81a8:   00000007f8b2dcc8 000000010cde81b0
0x000000010cde81b8:   00000007b14faf39 000000010cde8248
0x000000010cde81c8:   00000007b14fc0a8 0000000000000000
0x000000010cde81d8:   00000007b14fb018 000000010cde81a0
0x000000010cde81e8:   000000010cde8230 000000010cde8290
0x000000010cde81f8:   0000000102a06706 0000000000000000
0x000000010cde8208:   0000000000000000 00000007c0135bf8
0x000000010cde8218:   00000007eacb9848 00000007eacb9780 

Instructions: (pc=0x00000001030c89a5)
0x00000001030c8985:   00 00 00 c0 a4 08 b0 07 00 00 00 bb 00 00 00 00
0x00000001030c8995:   00 00 00 00 e9 fb ff ff ff 48 bb ff 48 bb 00 00
0x00000001030c89a5:   00 00 00 00 00 00 e9 fb ff ff ff ff ff ff 48 bb
0x00000001030c89b5:   00 00 00 00 00 00 00 00 e9 fb ff 8b f0 e9 30 01 

Register to memory mapping:

RAX=0x0000000000000000 is an unknown value
RBX=0x00000007eacbaa10 is an unknown value
RCX=0x0000000000000018 is an unknown value
RDX=0x0000000000000000 is an unknown value
RSP=0x000000010cde8028 is pointing into the stack for thread: 0x00007fbd4ab69800
RBP=0x00000000fd590a44 is an unknown value
RSI=0x00000007c02c33b0 is an oop
org.codehaus.groovy.ast.ClassNode 
 - klass: 'org/codehaus/groovy/ast/ClassNode'
RDI=0x00000007c013596c is pointing into object: 0x00000007c0135958
[C 
 - klass: {type array char}
 - length: 6
R8 =0x0000000000000000 is an unknown value
R9 =0x0000000000000017 is an unknown value
R10=0x00000000fd590a3b is an unknown value
R11=0x00000000f8058676 is an unknown value
R12=0x0000000000000000 is an unknown value
R13=0x00000007c05934e8 is an oop
[C 
 - klass: {type array char}
 - length: 23
R14=0x0000000000000016 is an unknown value
R15=0x00007fbd4ab69800 is a thread


Stack: [0x000000010ccef000,0x000000010cdef000],  sp=0x000000010cde8028,  free space=996k
Native frames: (J=compiled Java code, j=interpreted, Vv=VM code, C=native code)
J 1743 C2 org.codehaus.groovy.ast.ClassNode.getDeclaredMethodsMap()Ljava/util/Map; (193 bytes) @ 0x00000001030c89a5 [0x00000001030c20c0+0x68e5]
C  0x00000007eac85248


---------------  P R O C E S S  ---------------

Java Threads: ( => current thread )
  0x00007fbd4aec5000 JavaThread "Stdin handler" [_thread_blocked, id=34827, stack(0x000000010cdf2000,0x000000010cef2000)]
=>0x00007fbd4ab69800 JavaThread "Daemon worker Thread 11" [_thread_in_Java, id=21543, stack(0x000000010ccef000,0x000000010cdef000)]
  0x00007fbd4e219800 JavaThread "Cancel handler" [_thread_blocked, id=43023, stack(0x000000010cbec000,0x000000010ccec000)]
  0x00007fbd4dfef800 JavaThread "Handler for socket connection from /127.0.0.1:51198 to /127.0.0.1:51592" [_thread_in_native, id=24619, stack(0x000000010cae9000,0x000000010cbe9000)]
  0x00007fbd4e595000 JavaThread "Daemon Thread 11" [_thread_blocked, id=19243, stack(0x000000010c561000,0x000000010c661000)]
  0x00007fbd4b322000 JavaThread "File lock request listener" [_thread_in_native, id=21763, stack(0x000000010d062000,0x000000010d162000)]
  0x00007fbd4b8d0800 JavaThread "Incoming local TCP Connector on port 51198" [_thread_in_native, id=18691, stack(0x000000010c9e6000,0x000000010cae6000)]
  0x00007fbd4b054000 JavaThread "Service Thread" daemon [_thread_blocked, id=17667, stack(0x000000010bf76000,0x000000010c076000)]
  0x00007fbd4b053000 JavaThread "C2 CompilerThread1" daemon [_thread_blocked, id=17155, stack(0x000000010be73000,0x000000010bf73000)]
  0x00007fbd4b051800 JavaThread "C2 CompilerThread0" daemon [_thread_blocked, id=16643, stack(0x000000010bd70000,0x000000010be70000)]
  0x00007fbd4a842800 JavaThread "Signal Dispatcher" daemon [_thread_blocked, id=16395, stack(0x000000010bc6d000,0x000000010bd6d000)]
  0x00007fbd4a82e000 JavaThread "Finalizer" daemon [_thread_blocked, id=11523, stack(0x000000010a262000,0x000000010a362000)]
  0x00007fbd4b802800 JavaThread "Reference Handler" daemon [_thread_blocked, id=11011, stack(0x000000010a15f000,0x000000010a25f000)]
  0x00007fbd4b003800 JavaThread "main" [_thread_blocked, id=4867, stack(0x0000000102079000,0x0000000102179000)]

Other Threads:
  0x00007fbd4a82d800 VMThread [stack: 0x000000010a05c000,0x000000010a15c000] [id=10499]
  0x00007fbd4b03f000 WatcherThread [stack: 0x000000010c079000,0x000000010c179000] [id=18179]

VM state:not at safepoint (normal execution)

VM Mutex/Monitor currently owned by a thread: None

Heap
 PSYoungGen      total 276992K, used 37769K [0x00000007eaa80000, 0x0000000800000000, 0x0000000800000000)
  eden space 210944K, 1% used [0x00000007eaa80000,0x00000007eaccb8b8,0x00000007f7880000)
  from space 66048K, 53% used [0x00000007f7880000,0x00000007f9b16f40,0x00000007fb900000)
  to   space 65024K, 0% used [0x00000007fc080000,0x00000007fc080000,0x0000000800000000)
 ParOldGen       total 230400K, used 187940K [0x00000007c0000000, 0x00000007ce100000, 0x00000007eaa80000)
  object space 230400K, 81% used [0x00000007c0000000,0x00000007cb789200,0x00000007ce100000)
 PSPermGen       total 227840K, used 205542K [0x00000007b0000000, 0x00000007bde80000, 0x00000007c0000000)
  object space 227840K, 90% used [0x00000007b0000000,0x00000007bc8b9808,0x00000007bde80000)

Card table byte_map: [0x0000000105ac0000,0x0000000105d41000] byte_map_base: 0x0000000101d40000

Polling page: 0x00000001021b8000

Code Cache  [0x0000000102a00000, 0x00000001034c0000, 0x0000000105a00000)
 total_blobs=3370 nmethods=2709 adapters=612 free_code_cache=38456Kb largest_free_block=39071808

Compilation events (10 events):
Event: 2532.895 Thread 0x00007fbd4b053000 2969   !         sun.reflect.GeneratedConstructorAccessor7::newInstance (49 bytes)
Event: 2532.898 Thread 0x00007fbd4b053000 nmethod 2969 0x0000000102d1cf90 code [0x0000000102d1d120, 0x0000000102d1d4e8]
Event: 2532.944 Thread 0x00007fbd4b051800 2970             org.gradle.logging.internal.logback.LogbackLoggingConfigurer$GradleFilter::decide (102 bytes)
Event: 2532.948 Thread 0x00007fbd4b051800 nmethod 2970 0x0000000102d1c690 code [0x0000000102d1c840, 0x0000000102d1cc58]
Event: 2533.009 Thread 0x00007fbd4b053000 2971             org.gradle.api.internal.artifacts.ivyservice.resolveengine.graph.DependencyGraphBuilder::assembleResult (124 bytes)
Event: 2533.019 Thread 0x00007fbd4b051800 2972             org.apache.ivy.core.IvyContext::getContext (31 bytes)
Event: 2533.027 Thread 0x00007fbd4b051800 nmethod 2972 0x0000000102d1b450 code [0x0000000102d1b600, 0x0000000102d1c0f8]
Event: 2533.030 Thread 0x00007fbd4b053000 nmethod 2971 0x000000010305f890 code [0x000000010305fb80, 0x00000001030606d0]
Event: 2533.511 Thread 0x00007fbd4b051800 2973             org.gradle.api.internal.tasks.DefaultTaskContainer_Decorated::getStore (25 bytes)
Event: 2533.514 Thread 0x00007fbd4b051800 nmethod 2973 0x00000001032eaa50 code [0x00000001032eabc0, 0x00000001032eae48]

GC Heap History (10 events):
Event: 2350.519 GC heap before
{Heap before GC invocations=44 (full 10):
 PSYoungGen      total 284160K, used 102793K [0x00000007eaa80000, 0x0000000800000000, 0x0000000800000000)
  eden space 229888K, 21% used [0x00000007eaa80000,0x00000007eda34b80,0x00000007f8b00000)
  from space 54272K, 99% used [0x00000007f8b00000,0x00000007fbfada88,0x00000007fc000000)
  to   space 65536K, 0% used [0x00000007fc000000,0x00000007fc000000,0x0000000800000000)
 ParOldGen       total 230400K, used 172978K [0x00000007c0000000, 0x00000007ce100000, 0x00000007eaa80000)
  object space 230400K, 75% used [0x00000007c0000000,0x00000007ca8ec8a8,0x00000007ce100000)
 PSPermGen       total 210432K, used 190446K [0x00000007b0000000, 0x00000007bcd80000, 0x00000007c0000000)
  object space 210432K, 90% used [0x00000007b0000000,0x00000007bb9fba80,0x00000007bcd80000)
Event: 2350.562 GC heap after
Heap after GC invocations=44 (full 10):
 PSYoungGen      total 274944K, used 46122K [0x00000007eaa80000, 0x0000000800000000, 0x0000000800000000)
  eden space 209408K, 0% used [0x00000007eaa80000,0x00000007eaa80000,0x00000007f7700000)
  from space 65536K, 70% used [0x00000007fc000000,0x00000007fed0a930,0x0000000800000000)
  to   space 70144K, 0% used [0x00000007f7700000,0x00000007f7700000,0x00000007fbb80000)
 ParOldGen       total 230400K, used 172978K [0x00000007c0000000, 0x00000007ce100000, 0x00000007eaa80000)
  object space 230400K, 75% used [0x00000007c0000000,0x00000007ca8ec8a8,0x00000007ce100000)
 PSPermGen       total 210432K, used 190446K [0x00000007b0000000, 0x00000007bcd80000, 0x00000007c0000000)
  object space 210432K, 90% used [0x00000007b0000000,0x00000007bb9fba80,0x00000007bcd80000)
}
Event: 2350.562 GC heap before
{Heap before GC invocations=45 (full 11):
 PSYoungGen      total 274944K, used 46122K [0x00000007eaa80000, 0x0000000800000000, 0x0000000800000000)
  eden space 209408K, 0% used [0x00000007eaa80000,0x00000007eaa80000,0x00000007f7700000)
  from space 65536K, 70% used [0x00000007fc000000,0x00000007fed0a930,0x0000000800000000)
  to   space 70144K, 0% used [0x00000007f7700000,0x00000007f7700000,0x00000007fbb80000)
 ParOldGen       total 230400K, used 172978K [0x00000007c0000000, 0x00000007ce100000, 0x00000007eaa80000)
  object space 230400K, 75% used [0x00000007c0000000,0x00000007ca8ec8a8,0x00000007ce100000)
 PSPermGen       total 210432K, used 190446K [0x00000007b0000000, 0x00000007bcd80000, 0x00000007c0000000)
  object space 210432K, 90% used [0x00000007b0000000,0x00000007bb9fba80,0x00000007bcd80000)
Event: 2352.091 GC heap after
Heap after GC invocations=45 (full 11):
 PSYoungGen      total 274944K, used 0K [0x00000007eaa80000, 0x0000000800000000, 0x0000000800000000)
  eden space 209408K, 0% used [0x00000007eaa80000,0x00000007eaa80000,0x00000007f7700000)
  from space 65536K, 0% used [0x00000007fc000000,0x00000007fc000000,0x0000000800000000)
  to   space 70144K, 0% used [0x00000007f7700000,0x00000007f7700000,0x00000007fbb80000)
 ParOldGen       total 230400K, used 187940K [0x00000007c0000000, 0x00000007ce100000, 0x00000007eaa80000)
  object space 230400K, 81% used [0x00000007c0000000,0x00000007cb789200,0x00000007ce100000)
 PSPermGen       total 227840K, used 189800K [0x00000007b0000000, 0x00000007bde80000, 0x00000007c0000000)
  object space 227840K, 83% used [0x00000007b0000000,0x00000007bb95a2c8,0x00000007bde80000)
}
Event: 2374.517 GC heap before
{Heap before GC invocations=46 (full 11):
 PSYoungGen      total 274944K, used 209408K [0x00000007eaa80000, 0x0000000800000000, 0x0000000800000000)
  eden space 209408K, 100% used [0x00000007eaa80000,0x00000007f7700000,0x00000007f7700000)
  from space 65536K, 0% used [0x00000007fc000000,0x00000007fc000000,0x0000000800000000)
  to   space 70144K, 0% used [0x00000007f7700000,0x00000007f7700000,0x00000007fbb80000)
 ParOldGen       total 230400K, used 187940K [0x00000007c0000000, 0x00000007ce100000, 0x00000007eaa80000)
  object space 230400K, 81% used [0x00000007c0000000,0x00000007cb789200,0x00000007ce100000)
 PSPermGen       total 227840K, used 195943K [0x00000007b0000000, 0x00000007bde80000, 0x00000007c0000000)
  object space 227840K, 86% used [0x00000007b0000000,0x00000007bbf59cf0,0x00000007bde80000)
Event: 2374.545 GC heap after
Heap after GC invocations=46 (full 11):
 PSYoungGen      total 279552K, used 13382K [0x00000007eaa80000, 0x0000000800000000, 0x0000000800000000)
  eden space 209408K, 0% used [0x00000007eaa80000,0x00000007eaa80000,0x00000007f7700000)
  from space 70144K, 19% used [0x00000007f7700000,0x00000007f8411b10,0x00000007fbb80000)
  to   space 68608K, 0% used [0x00000007fbd00000,0x00000007fbd00000,0x0000000800000000)
 ParOldGen       total 230400K, used 187940K [0x00000007c0000000, 0x00000007ce100000, 0x00000007eaa80000)
  object space 230400K, 81% used [0x00000007c0000000,0x00000007cb789200,0x00000007ce100000)
 PSPermGen       total 227840K, used 195943K [0x00000007b0000000, 0x00000007bde80000, 0x00000007c0000000)
  object space 227840K, 86% used [0x00000007b0000000,0x00000007bbf59cf0,0x00000007bde80000)
}
Event: 2383.781 GC heap before
{Heap before GC invocations=47 (full 11):
 PSYoungGen      total 279552K, used 222790K [0x00000007eaa80000, 0x0000000800000000, 0x0000000800000000)
  eden space 209408K, 100% used [0x00000007eaa80000,0x00000007f7700000,0x00000007f7700000)
  from space 70144K, 19% used [0x00000007f7700000,0x00000007f8411b10,0x00000007fbb80000)
  to   space 68608K, 0% used [0x00000007fbd00000,0x00000007fbd00000,0x0000000800000000)
 ParOldGen       total 230400K, used 187940K [0x00000007c0000000, 0x00000007ce100000, 0x00000007eaa80000)
  object space 230400K, 81% used [0x00000007c0000000,0x00000007cb789200,0x00000007ce100000)
 PSPermGen       total 227840K, used 198194K [0x00000007b0000000, 0x00000007bde80000, 0x00000007c0000000)
  object space 227840K, 86% used [0x00000007b0000000,0x00000007bc18c9e8,0x00000007bde80000)
Event: 2383.804 GC heap after
Heap after GC invocations=47 (full 11):
 PSYoungGen      total 272896K, used 21014K [0x00000007eaa80000, 0x00000007ff980000, 0x0000000800000000)
  eden space 210944K, 0% used [0x00000007eaa80000,0x00000007eaa80000,0x00000007f7880000)
  from space 61952K, 33% used [0x00000007fbd00000,0x00000007fd185950,0x00000007ff980000)
  to   space 66048K, 0% used [0x00000007f7880000,0x00000007f7880000,0x00000007fb900000)
 ParOldGen       total 230400K, used 187940K [0x00000007c0000000, 0x00000007ce100000, 0x00000007eaa80000)
  object space 230400K, 81% used [0x00000007c0000000,0x00000007cb789200,0x00000007ce100000)
 PSPermGen       total 227840K, used 198194K [0x00000007b0000000, 0x00000007bde80000, 0x00000007c0000000)
  object space 227840K, 86% used [0x00000007b0000000,0x00000007bc18c9e8,0x00000007bde80000)
}
Event: 2533.792 GC heap before
{Heap before GC invocations=48 (full 11):
 PSYoungGen      total 272896K, used 231958K [0x00000007eaa80000, 0x00000007ff980000, 0x0000000800000000)
  eden space 210944K, 100% used [0x00000007eaa80000,0x00000007f7880000,0x00000007f7880000)
  from space 61952K, 33% used [0x00000007fbd00000,0x00000007fd185950,0x00000007ff980000)
  to   space 66048K, 0% used [0x00000007f7880000,0x00000007f7880000,0x00000007fb900000)
 ParOldGen       total 230400K, used 187940K [0x00000007c0000000, 0x00000007ce100000, 0x00000007eaa80000)
  object space 230400K, 81% used [0x00000007c0000000,0x00000007cb789200,0x00000007ce100000)
 PSPermGen       total 227840K, used 205524K [0x00000007b0000000, 0x00000007bde80000, 0x00000007c0000000)
  object space 227840K, 90% used [0x00000007b0000000,0x00000007bc8b51a0,0x00000007bde80000)
Event: 2533.824 GC heap after
Heap after GC invocations=48 (full 11):
 PSYoungGen      total 276992K, used 35419K [0x00000007eaa80000, 0x0000000800000000, 0x0000000800000000)
  eden space 210944K, 0% used [0x00000007eaa80000,0x00000007eaa80000,0x00000007f7880000)
  from space 66048K, 53% used [0x00000007f7880000,0x00000007f9b16f40,0x00000007fb900000)
  to   space 65024K, 0% used [0x00000007fc080000,0x00000007fc080000,0x0000000800000000)
 ParOldGen       total 230400K, used 187940K [0x00000007c0000000, 0x00000007ce100000, 0x00000007eaa80000)
  object space 230400K, 81% used [0x00000007c0000000,0x00000007cb789200,0x00000007ce100000)
 PSPermGen       total 227840K, used 205524K [0x00000007b0000000, 0x00000007bde80000, 0x00000007c0000000)
  object space 227840K, 90% used [0x00000007b0000000,0x00000007bc8b51a0,0x00000007bde80000)
}

Deoptimization events (10 events):
Event: 2330.102 Thread 0x00007fbd4ae13000 Uncommon trap: reason=unreached action=reinterpret pc=0x0000000102d1b9ec method=groovy.lang.MetaClassImpl.findPropertyMethod(Ljava/lang/Object;ZZ)Lgroovy/lang/MetaMethod; @ 95
Event: 2330.128 Thread 0x00007fbd4b5a8800 Uncommon trap: reason=bimorphic action=maybe_recompile pc=0x000000010335dccc method=java.nio.charset.CharsetDecoder.decode(Ljava/nio/ByteBuffer;Ljava/nio/CharBuffer;Z)Ljava/nio/charset/CoderResult; @ 57
Event: 2330.128 Thread 0x00007fbd4edd3000 Uncommon trap: reason=bimorphic action=maybe_recompile pc=0x000000010335dccc method=java.nio.charset.CharsetDecoder.decode(Ljava/nio/ByteBuffer;Ljava/nio/CharBuffer;Z)Ljava/nio/charset/CoderResult; @ 57
Event: 2330.128 Thread 0x00007fbd4ae13000 Uncommon trap: reason=bimorphic action=maybe_recompile pc=0x000000010335dccc method=java.nio.charset.CharsetDecoder.decode(Ljava/nio/ByteBuffer;Ljava/nio/CharBuffer;Z)Ljava/nio/charset/CoderResult; @ 57
Event: 2330.128 Thread 0x00007fbd4e243000 Uncommon trap: reason=bimorphic action=maybe_recompile pc=0x000000010335dccc method=java.nio.charset.CharsetDecoder.decode(Ljava/nio/ByteBuffer;Ljava/nio/CharBuffer;Z)Ljava/nio/charset/CoderResult; @ 57
Event: 2350.032 Thread 0x00007fbd4ebaa000 Uncommon trap: reason=unreached action=reinterpret pc=0x0000000103389e04 method=sun.security.jca.Providers.getProviderList()Lsun/security/jca/ProviderList; @ 5
Event: 2350.072 Thread 0x00007fbd4ebaa000 Uncommon trap: reason=bimorphic action=maybe_recompile pc=0x0000000102ea5330 method=java.util.zip.InflaterInputStream.read([BII)I @ 100
Event: 2350.072 Thread 0x00007fbd4ebaa000 Uncommon trap: reason=bimorphic action=maybe_recompile pc=0x0000000102ea5330 method=java.util.zip.InflaterInputStream.read([BII)I @ 100
Event: 2350.072 Thread 0x00007fbd4ebaa000 Uncommon trap: reason=bimorphic action=maybe_recompile pc=0x0000000102ea5330 method=java.util.zip.InflaterInputStream.read([BII)I @ 100
Event: 2350.072 Thread 0x00007fbd4ebaa000 Uncommon trap: reason=bimorphic action=maybe_recompile pc=0x0000000102ea5330 method=java.util.zip.InflaterInputStream.read([BII)I @ 100

Internal exceptions (10 events):
Event: 2533.829 Thread 0x00007fbd4ab69800 Threw 0x00000007eac023c0 at /HUDSON/workspace/7u-2-build-macosx-x86_64/jdk7u71/1605/hotspot/src/share/vm/prims/jvm.cpp:1281
Event: 2533.829 Thread 0x00007fbd4ab69800 Threw 0x00000007eac06d18 at /HUDSON/workspace/7u-2-build-macosx-x86_64/jdk7u71/1605/hotspot/src/share/vm/prims/jvm.cpp:1281
Event: 2533.829 Thread 0x00007fbd4ab69800 Threw 0x00000007eac07c98 at /HUDSON/workspace/7u-2-build-macosx-x86_64/jdk7u71/1605/hotspot/src/share/vm/prims/jvm.cpp:1281
Event: 2533.829 Thread 0x00007fbd4ab69800 Threw 0x00000007eac0c4f0 at /HUDSON/workspace/7u-2-build-macosx-x86_64/jdk7u71/1605/hotspot/src/share/vm/prims/jvm.cpp:1281
Event: 2533.829 Thread 0x00007fbd4ab69800 Threw 0x00000007eac0d270 at /HUDSON/workspace/7u-2-build-macosx-x86_64/jdk7u71/1605/hotspot/src/share/vm/prims/jvm.cpp:1281
Event: 2533.829 Thread 0x00007fbd4ab69800 Threw 0x00000007eac281b0 at /HUDSON/workspace/7u-2-build-macosx-x86_64/jdk7u71/1605/hotspot/src/share/vm/prims/jvm.cpp:1281
Event: 2533.829 Thread 0x00007fbd4ab69800 Threw 0x00000007eac292d0 at /HUDSON/workspace/7u-2-build-macosx-x86_64/jdk7u71/1605/hotspot/src/share/vm/prims/jvm.cpp:1281
Event: 2533.830 Thread 0x00007fbd4ab69800 Threw 0x00000007eac4aeb0 at /HUDSON/workspace/7u-2-build-macosx-x86_64/jdk7u71/1605/hotspot/src/share/vm/prims/jvm.cpp:1281
Event: 2533.830 Thread 0x00007fbd4ab69800 Threw 0x00000007eac4c010 at /HUDSON/workspace/7u-2-build-macosx-x86_64/jdk7u71/1605/hotspot/src/share/vm/prims/jvm.cpp:1281
Event: 2533.837 Thread 0x00007fbd4ab69800 Implicit null exception at 0x00000001030c89a5 to 0x0000000000000000

Events (10 events):
Event: 2533.537 loading class 0x00007fbd4a4d1fd0
Event: 2533.537 loading class 0x00007fbd4a4d1fd0 done
Event: 2533.537 loading class 0x00007fbd4a4d1fd0
Event: 2533.537 loading class 0x00007fbd4a4d1fd0 done
Event: 2533.537 loading class 0x00007fbd4a4d20e0
Event: 2533.537 loading class 0x00007fbd4a4d20e0 done
Event: 2533.537 loading class 0x00007fbd4a4d20e0
Event: 2533.537 loading class 0x00007fbd4a4d20e0 done
Event: 2533.792 Executing VM operation: ParallelGCFailedAllocation
Event: 2533.824 Executing VM operation: ParallelGCFailedAllocation done


Dynamic libraries:
0x0000000001bd4000 	/System/Library/Frameworks/Cocoa.framework/Versions/A/Cocoa
0x0000000001bd4000 	/System/Library/Frameworks/Security.framework/Versions/A/Security
0x0000000001bd4000 	/System/Library/Frameworks/ApplicationServices.framework/Versions/A/ApplicationServices
0x0000000001bd4000 	/usr/lib/libz.1.dylib
0x0000000001bd4000 	/usr/lib/libSystem.B.dylib
0x0000000001bd4000 	/usr/lib/libobjc.A.dylib
0x0000000001bd4000 	/System/Library/Frameworks/CoreFoundation.framework/Versions/A/CoreFoundation
0x0000000001bd4000 	/System/Library/Frameworks/Foundation.framework/Versions/C/Foundation
0x0000000001bd4000 	/System/Library/Frameworks/AppKit.framework/Versions/C/AppKit
0x0000000001bd4000 	/System/Library/Frameworks/CoreData.framework/Versions/A/CoreData
0x0000000001bd4000 	/System/Library/PrivateFrameworks/RemoteViewServices.framework/Versions/A/RemoteViewServices
0x0000000001bd4000 	/System/Library/PrivateFrameworks/UIFoundation.framework/Versions/A/UIFoundation
0x0000000001bd4000 	/System/Library/Frameworks/IOSurface.framework/Versions/A/IOSurface
0x0000000001bd4000 	/System/Library/Frameworks/AudioToolbox.framework/Versions/A/AudioToolbox
0x0000000001bd4000 	/System/Library/Frameworks/AudioUnit.framework/Versions/A/AudioUnit
0x0000000001bd4000 	/System/Library/PrivateFrameworks/DataDetectorsCore.framework/Versions/A/DataDetectorsCore
0x0000000001bd4000 	/System/Library/PrivateFrameworks/DesktopServicesPriv.framework/Versions/A/DesktopServicesPriv
0x0000000001bd4000 	/System/Library/Frameworks/Carbon.framework/Versions/A/Frameworks/HIToolbox.framework/Versions/A/HIToolbox
0x0000000001bd4000 	/System/Library/Frameworks/QuartzCore.framework/Versions/A/QuartzCore
0x0000000001bd4000 	/System/Library/Frameworks/Carbon.framework/Versions/A/Frameworks/SpeechRecognition.framework/Versions/A/SpeechRecognition
0x0000000001bd4000 	/usr/lib/libauto.dylib
0x0000000001bd4000 	/usr/lib/libicucore.A.dylib
0x0000000001bd4000 	/usr/lib/libxml2.2.dylib
0x0000000001bd4000 	/System/Library/PrivateFrameworks/CoreUI.framework/Versions/A/CoreUI
0x0000000001bd4000 	/System/Library/Frameworks/CoreAudio.framework/Versions/A/CoreAudio
0x0000000001bd4000 	/System/Library/Frameworks/DiskArbitration.framework/Versions/A/DiskArbitration
0x0000000001bd4000 	/usr/lib/liblangid.dylib
0x0000000001bd4000 	/System/Library/PrivateFrameworks/MultitouchSupport.framework/Versions/A/MultitouchSupport
0x0000000001bd4000 	/System/Library/Frameworks/IOKit.framework/Versions/A/IOKit
0x0000000001bd4000 	/usr/lib/libDiagnosticMessagesClient.dylib
0x0000000001bd4000 	/System/Library/Frameworks/CoreServices.framework/Versions/A/CoreServices
0x0000000001bd4000 	/System/Library/PrivateFrameworks/PerformanceAnalysis.framework/Versions/A/PerformanceAnalysis
0x0000000001bd4000 	/System/Library/PrivateFrameworks/GenerationalStorage.framework/Versions/A/GenerationalStorage
0x0000000001bd4000 	/System/Library/Frameworks/OpenGL.framework/Versions/A/OpenGL
0x0000000001bd4000 	/System/Library/PrivateFrameworks/Sharing.framework/Versions/A/Sharing
0x0000000001bd4000 	/System/Library/Frameworks/CoreGraphics.framework/Versions/A/CoreGraphics
0x0000000001bd4000 	/System/Library/Frameworks/CoreText.framework/Versions/A/CoreText
0x0000000001bd4000 	/System/Library/Frameworks/ImageIO.framework/Versions/A/ImageIO
0x0000000001bd4000 	/usr/lib/libextension.dylib
0x0000000001bd4000 	/System/Library/PrivateFrameworks/Backup.framework/Versions/A/Backup
0x0000000001bd4000 	/usr/lib/libarchive.2.dylib
0x0000000001bd4000 	/System/Library/Frameworks/CFNetwork.framework/Versions/A/CFNetwork
0x0000000001bd4000 	/System/Library/Frameworks/SystemConfiguration.framework/Versions/A/SystemConfiguration
0x0000000001bd4000 	/usr/lib/libCRFSuite.dylib
0x0000000001bd4000 	/usr/lib/libc++.1.dylib
0x0000000001bd4000 	/usr/lib/libc++abi.dylib
0x0000000001bd4000 	/usr/lib/system/libcache.dylib
0x0000000001bd4000 	/usr/lib/system/libcommonCrypto.dylib
0x0000000001bd4000 	/usr/lib/system/libcompiler_rt.dylib
0x0000000001bd4000 	/usr/lib/system/libcopyfile.dylib
0x0000000001bd4000 	/usr/lib/system/libcorecrypto.dylib
0x0000000001bd4000 	/usr/lib/system/libdispatch.dylib
0x0000000001bd4000 	/usr/lib/system/libdyld.dylib
0x0000000001bd4000 	/usr/lib/system/libkeymgr.dylib
0x0000000001bd4000 	/usr/lib/system/liblaunch.dylib
0x0000000001bd4000 	/usr/lib/system/libmacho.dylib
0x0000000001bd4000 	/usr/lib/system/libquarantine.dylib
0x0000000001bd4000 	/usr/lib/system/libremovefile.dylib
0x0000000001bd4000 	/usr/lib/system/libsystem_asl.dylib
0x0000000001bd4000 	/usr/lib/system/libsystem_blocks.dylib
0x0000000001bd4000 	/usr/lib/system/libsystem_c.dylib
0x0000000001bd4000 	/usr/lib/system/libsystem_configuration.dylib
0x0000000001bd4000 	/usr/lib/system/libsystem_coreservices.dylib
0x0000000001bd4000 	/usr/lib/system/libsystem_coretls.dylib
0x0000000001bd4000 	/usr/lib/system/libsystem_dnssd.dylib
0x0000000001bd4000 	/usr/lib/system/libsystem_info.dylib
0x0000000001bd4000 	/usr/lib/system/libsystem_kernel.dylib
0x0000000001bd4000 	/usr/lib/system/libsystem_m.dylib
0x0000000001bd4000 	/usr/lib/system/libsystem_malloc.dylib
0x0000000001bd4000 	/usr/lib/system/libsystem_network.dylib
0x0000000001bd4000 	/usr/lib/system/libsystem_networkextension.dylib
0x0000000001bd4000 	/usr/lib/system/libsystem_notify.dylib
0x0000000001bd4000 	/usr/lib/system/libsystem_platform.dylib
0x0000000001bd4000 	/usr/lib/system/libsystem_pthread.dylib
0x0000000001bd4000 	/usr/lib/system/libsystem_sandbox.dylib
0x0000000001bd4000 	/usr/lib/system/libsystem_secinit.dylib
0x0000000001bd4000 	/usr/lib/system/libsystem_stats.dylib
0x0000000001bd4000 	/usr/lib/system/libsystem_trace.dylib
0x0000000001bd4000 	/usr/lib/system/libunc.dylib
0x0000000001bd4000 	/usr/lib/system/libunwind.dylib
0x0000000001bd4000 	/usr/lib/system/libxpc.dylib
0x0000000001bd4000 	/usr/lib/libbz2.1.0.dylib
0x0000000001bd4000 	/usr/lib/liblzma.5.dylib
0x0000000001bd4000 	/usr/lib/libbsm.0.dylib
0x0000000001bd4000 	/usr/lib/libsqlite3.dylib
0x0000000001bd4000 	/usr/lib/system/libkxld.dylib
0x0000000001bd4000 	/usr/lib/libxar.1.dylib
0x0000000001bd4000 	/usr/lib/libpam.2.dylib
0x0000000001bd4000 	/usr/lib/libOpenScriptingUtil.dylib
0x0000000001bd4000 	/System/Library/Frameworks/CoreServices.framework/Versions/A/Frameworks/FSEvents.framework/Versions/A/FSEvents
0x0000000001bd4000 	/System/Library/Frameworks/CoreServices.framework/Versions/A/Frameworks/CarbonCore.framework/Versions/A/CarbonCore
0x0000000001bd4000 	/System/Library/Frameworks/CoreServices.framework/Versions/A/Frameworks/Metadata.framework/Versions/A/Metadata
0x0000000001bd4000 	/System/Library/Frameworks/CoreServices.framework/Versions/A/Frameworks/OSServices.framework/Versions/A/OSServices
0x0000000001bd4000 	/System/Library/Frameworks/CoreServices.framework/Versions/A/Frameworks/SearchKit.framework/Versions/A/SearchKit
0x0000000001bd4000 	/System/Library/Frameworks/CoreServices.framework/Versions/A/Frameworks/AE.framework/Versions/A/AE
0x0000000001bd4000 	/System/Library/Frameworks/CoreServices.framework/Versions/A/Frameworks/LaunchServices.framework/Versions/A/LaunchServices
0x0000000001bd4000 	/System/Library/Frameworks/CoreServices.framework/Versions/A/Frameworks/DictionaryServices.framework/Versions/A/DictionaryServices
0x0000000001bd4000 	/System/Library/Frameworks/NetFS.framework/Versions/A/NetFS
0x0000000001bd4000 	/System/Library/PrivateFrameworks/NetAuth.framework/Versions/A/NetAuth
0x0000000001bd4000 	/System/Library/PrivateFrameworks/login.framework/Versions/A/Frameworks/loginsupport.framework/Versions/A/loginsupport
0x0000000001bd4000 	/System/Library/PrivateFrameworks/TCC.framework/Versions/A/TCC
0x0000000001bd4000 	/usr/lib/libmecabra.dylib
0x0000000001bd4000 	/System/Library/Frameworks/ApplicationServices.framework/Versions/A/Frameworks/ATS.framework/Versions/A/ATS
0x0000000001bd4000 	/System/Library/Frameworks/ApplicationServices.framework/Versions/A/Frameworks/ColorSync.framework/Versions/A/ColorSync
0x0000000001bd4000 	/System/Library/Frameworks/ApplicationServices.framework/Versions/A/Frameworks/HIServices.framework/Versions/A/HIServices
0x0000000001bd4000 	/System/Library/Frameworks/ApplicationServices.framework/Versions/A/Frameworks/LangAnalysis.framework/Versions/A/LangAnalysis
0x0000000001bd4000 	/System/Library/Frameworks/ApplicationServices.framework/Versions/A/Frameworks/PrintCore.framework/Versions/A/PrintCore
0x0000000001bd4000 	/System/Library/Frameworks/ApplicationServices.framework/Versions/A/Frameworks/QD.framework/Versions/A/QD
0x0000000001bd4000 	/System/Library/Frameworks/ApplicationServices.framework/Versions/A/Frameworks/SpeechSynthesis.framework/Versions/A/SpeechSynthesis
0x0000000001bd4000 	/System/Library/Frameworks/Accelerate.framework/Versions/A/Accelerate
0x0000000001bd4000 	/System/Library/Frameworks/Accelerate.framework/Versions/A/Frameworks/vImage.framework/Versions/A/vImage
0x0000000001bd4000 	/System/Library/Frameworks/Accelerate.framework/Versions/A/Frameworks/vecLib.framework/Versions/A/vecLib
0x0000000001bd4000 	/System/Library/Frameworks/Accelerate.framework/Versions/A/Frameworks/vecLib.framework/Versions/A/libvDSP.dylib
0x0000000001bd4000 	/System/Library/Frameworks/Accelerate.framework/Versions/A/Frameworks/vecLib.framework/Versions/A/libvMisc.dylib
0x0000000001bd4000 	/System/Library/Frameworks/Accelerate.framework/Versions/A/Frameworks/vecLib.framework/Versions/A/libLAPACK.dylib
0x0000000001bd4000 	/System/Library/Frameworks/Accelerate.framework/Versions/A/Frameworks/vecLib.framework/Versions/A/libBLAS.dylib
0x0000000001bd4000 	/System/Library/Frameworks/Accelerate.framework/Versions/A/Frameworks/vecLib.framework/Versions/A/libLinearAlgebra.dylib
0x0000000001bd4000 	/System/Library/Frameworks/ApplicationServices.framework/Versions/A/Frameworks/ATS.framework/Versions/A/Resources/libFontParser.dylib
0x0000000001bd4000 	/System/Library/Frameworks/ApplicationServices.framework/Versions/A/Frameworks/ATS.framework/Versions/A/Resources/libFontRegistry.dylib
0x0000000001bd4000 	/System/Library/PrivateFrameworks/AppleVPA.framework/Versions/A/AppleVPA
0x0000000001bd4000 	/System/Library/PrivateFrameworks/AppleJPEG.framework/Versions/A/AppleJPEG
0x0000000001bd4000 	/System/Library/Frameworks/ImageIO.framework/Versions/A/Resources/libJPEG.dylib
0x0000000001bd4000 	/System/Library/Frameworks/ImageIO.framework/Versions/A/Resources/libTIFF.dylib
0x0000000001bd4000 	/System/Library/Frameworks/ImageIO.framework/Versions/A/Resources/libPng.dylib
0x0000000001bd4000 	/System/Library/Frameworks/ImageIO.framework/Versions/A/Resources/libGIF.dylib
0x0000000001bd4000 	/System/Library/Frameworks/ImageIO.framework/Versions/A/Resources/libJP2.dylib
0x0000000001bd4000 	/System/Library/Frameworks/ImageIO.framework/Versions/A/Resources/libRadiance.dylib
0x0000000001bd4000 	/System/Library/Frameworks/CoreVideo.framework/Versions/A/CoreVideo
0x0000000001bd4000 	/System/Library/Frameworks/OpenGL.framework/Versions/A/Libraries/libGLU.dylib
0x0000000001bd4000 	/System/Library/Frameworks/OpenGL.framework/Versions/A/Libraries/libGFXShared.dylib
0x0000000001bd4000 	/System/Library/Frameworks/OpenGL.framework/Versions/A/Libraries/libGL.dylib
0x0000000001bd4000 	/System/Library/Frameworks/OpenGL.framework/Versions/A/Libraries/libGLImage.dylib
0x0000000001bd4000 	/System/Library/Frameworks/OpenGL.framework/Versions/A/Libraries/libCVMSPluginSupport.dylib
0x0000000001bd4000 	/System/Library/Frameworks/OpenGL.framework/Versions/A/Libraries/libCoreVMClient.dylib
0x0000000001bd4000 	/usr/lib/libcups.2.dylib
0x0000000001bd4000 	/System/Library/Frameworks/Kerberos.framework/Versions/A/Kerberos
0x0000000001bd4000 	/System/Library/Frameworks/GSS.framework/Versions/A/GSS
0x0000000001bd4000 	/usr/lib/libresolv.9.dylib
0x0000000001bd4000 	/usr/lib/libiconv.2.dylib
0x0000000001bd4000 	/System/Library/PrivateFrameworks/Heimdal.framework/Versions/A/Heimdal
0x0000000001bd4000 	/usr/lib/libheimdal-asn1.dylib
0x0000000001bd4000 	/System/Library/Frameworks/OpenDirectory.framework/Versions/A/OpenDirectory
0x0000000001bd4000 	/System/Library/PrivateFrameworks/CommonAuth.framework/Versions/A/CommonAuth
0x0000000001bd4000 	/System/Library/Frameworks/OpenDirectory.framework/Versions/A/Frameworks/CFOpenDirectory.framework/Versions/A/CFOpenDirectory
0x0000000001bd4000 	/System/Library/Frameworks/SecurityFoundation.framework/Versions/A/SecurityFoundation
0x0000000001bd4000 	/System/Library/PrivateFrameworks/LanguageModeling.framework/Versions/A/LanguageModeling
0x0000000001bd4000 	/usr/lib/libcmph.dylib
0x0000000001bd4000 	/System/Library/Frameworks/ServiceManagement.framework/Versions/A/ServiceManagement
0x0000000001bd4000 	/usr/lib/libxslt.1.dylib
0x0000000001bd4000 	/System/Library/Frameworks/Carbon.framework/Versions/A/Frameworks/Ink.framework/Versions/A/Ink
0x0000000001bd4000 	/System/Library/Frameworks/QuartzCore.framework/Versions/A/Frameworks/CoreImage.framework/Versions/A/CoreImage
0x0000000001bd4000 	/System/Library/PrivateFrameworks/CrashReporterSupport.framework/Versions/A/CrashReporterSupport
0x0000000001bd4000 	/System/Library/Frameworks/OpenCL.framework/Versions/A/OpenCL
0x0000000001bd4000 	/System/Library/PrivateFrameworks/FaceCore.framework/Versions/A/FaceCore
0x0000000001bd4000 	/System/Library/PrivateFrameworks/Ubiquity.framework/Versions/A/Ubiquity
0x0000000001bd4000 	/System/Library/PrivateFrameworks/IconServices.framework/Versions/A/IconServices
0x0000000001bd4000 	/System/Library/PrivateFrameworks/ChunkingLibrary.framework/Versions/A/ChunkingLibrary
0x0000000001bd4000 	/System/Library/PrivateFrameworks/Apple80211.framework/Versions/A/Apple80211
0x0000000001bd4000 	/System/Library/Frameworks/CoreWLAN.framework/Versions/A/CoreWLAN
0x0000000001bd4000 	/System/Library/Frameworks/IOBluetooth.framework/Versions/A/IOBluetooth
0x0000000001bd4000 	/System/Library/PrivateFrameworks/CoreWiFi.framework/Versions/A/CoreWiFi
0x0000000001bd4000 	/System/Library/Frameworks/CoreBluetooth.framework/Versions/A/CoreBluetooth
0x0000000001bd4000 	/System/Library/PrivateFrameworks/DebugSymbols.framework/Versions/A/DebugSymbols
0x0000000001bd4000 	/System/Library/PrivateFrameworks/CoreSymbolication.framework/Versions/A/CoreSymbolication
0x0000000001bd4000 	/System/Library/PrivateFrameworks/Symbolication.framework/Versions/A/Symbolication
0x0000000001bd4000 	/System/Library/PrivateFrameworks/SpeechRecognitionCore.framework/Versions/A/SpeechRecognitionCore
0x0000000101601000 	/Library/Java/JavaVirtualMachines/jdk1.7.0_71.jdk/Contents/Home/jre/lib/server/libjvm.dylib
0x0000000001bd4000 	/usr/lib/libstdc++.6.dylib
0x000000010217b000 	/Library/Java/JavaVirtualMachines/jdk1.7.0_71.jdk/Contents/Home/jre/lib/libverify.dylib
0x0000000102188000 	/Library/Java/JavaVirtualMachines/jdk1.7.0_71.jdk/Contents/Home/jre/lib/libjava.dylib
0x00000001021c2000 	/Library/Java/JavaVirtualMachines/jdk1.7.0_71.jdk/Contents/Home/jre/lib/libzip.dylib
0x00000001021e5000 	/System/Library/Frameworks/JavaVM.framework/Frameworks/JavaRuntimeSupport.framework/JavaRuntimeSupport
0x000000010a364000 	/System/Library/Frameworks/JavaVM.framework/Versions/A/Frameworks/JavaNativeFoundation.framework/Versions/A/JavaNativeFoundation
0x000000010a379000 	/System/Library/Frameworks/JavaVM.framework/Versions/A/JavaVM
0x0000000001bd4000 	/System/Library/Frameworks/Carbon.framework/Versions/A/Carbon
0x000000010a386000 	/System/Library/PrivateFrameworks/JavaLaunching.framework/Versions/A/JavaLaunching
0x0000000001bd4000 	/System/Library/Frameworks/Carbon.framework/Versions/A/Frameworks/CommonPanels.framework/Versions/A/CommonPanels
0x0000000001bd4000 	/System/Library/Frameworks/Carbon.framework/Versions/A/Frameworks/Help.framework/Versions/A/Help
0x0000000001bd4000 	/System/Library/Frameworks/Carbon.framework/Versions/A/Frameworks/ImageCapture.framework/Versions/A/ImageCapture
0x0000000001bd4000 	/System/Library/Frameworks/Carbon.framework/Versions/A/Frameworks/OpenScripting.framework/Versions/A/OpenScripting
0x0000000001bd4000 	/System/Library/Frameworks/Carbon.framework/Versions/A/Frameworks/Print.framework/Versions/A/Print
0x0000000001bd4000 	/System/Library/Frameworks/Carbon.framework/Versions/A/Frameworks/SecurityHI.framework/Versions/A/SecurityHI
0x000000010c3ec000 	/Library/Java/JavaVirtualMachines/jdk1.7.0_71.jdk/Contents/Home/jre/lib/libnet.dylib
0x000000010c44a000 	/Library/Java/JavaVirtualMachines/jdk1.7.0_71.jdk/Contents/Home/jre/lib/libnio.dylib
0x000000010c9e0000 	/private/var/folders/pc/fpxv60w977jdfrfvctlzp3x40000gn/T/native-platform482101735609996006dir/libnative-platform.dylib
0x000000010a392000 	/Library/Java/JavaVirtualMachines/jdk1.7.0_71.jdk/Contents/Home/jre/lib/libsunec.dylib

VM Arguments:
jvm_args: -XX:MaxPermSize=256m -XX:+HeapDumpOnOutOfMemoryError -Xmx1024m -Dfile.encoding=UTF-8 -Duser.country=US -Duser.language=en -Duser.variant 
java_command: org.gradle.launcher.daemon.bootstrap.GradleDaemon 2.2.1 /Users/recoilme/.gradle/daemon 10800000 b3a88354-fed6-4b5b-9a53-89d3edb1aba2 -XX:MaxPermSize=256m -XX:+HeapDumpOnOutOfMemoryError -Xmx1024m -Dfile.encoding=UTF-8 -Duser.country=US -Duser.language=en -Duser.variant
Launcher Type: SUN_STANDARD

Environment Variables:
PATH=/usr/bin:/bin:/usr/sbin:/sbin
SHELL=/bin/bash

Signal Handlers:
SIGSEGV: [libjvm.dylib+0x52c49d], sa_mask[0]=0xfffefeff, sa_flags=0x00000043
SIGBUS: [libjvm.dylib+0x52c49d], sa_mask[0]=0xfffefeff, sa_flags=0x00000042
SIGFPE: [libjvm.dylib+0x41e53a], sa_mask[0]=0xfffefeff, sa_flags=0x00000042
SIGPIPE: [libjvm.dylib+0x41e53a], sa_mask[0]=0xfffefeff, sa_flags=0x00000042
SIGXFSZ: [libjvm.dylib+0x41e53a], sa_mask[0]=0xfffefeff, sa_flags=0x00000042
SIGILL: [libjvm.dylib+0x41e53a], sa_mask[0]=0xfffefeff, sa_flags=0x00000042
SIGUSR1: SIG_DFL, sa_mask[0]=0x00000000, sa_flags=0x00000000
SIGUSR2: [libjvm.dylib+0x41e02c], sa_mask[0]=0x00000004, sa_flags=0x00000042
SIGHUP: [libjvm.dylib+0x41c2bd], sa_mask[0]=0xfffefeff, sa_flags=0x00000042
SIGINT: [libjvm.dylib+0x41c2bd], sa_mask[0]=0xfffefeff, sa_flags=0x00000042
SIGTERM: [libjvm.dylib+0x41c2bd], sa_mask[0]=0xfffefeff, sa_flags=0x00000042
SIGQUIT: [libjvm.dylib+0x41c2bd], sa_mask[0]=0xfffefeff, sa_flags=0x00000042


---------------  S Y S T E M  ---------------

OS:Bsduname:Darwin 14.3.0 Darwin Kernel Version 14.3.0: Mon Mar 23 11:59:05 PDT 2015; root:xnu-2782.20.48~5/RELEASE_X86_64 x86_64
rlimit: STACK 8192k, CORE 0k, NPROC 709, NOFILE 10240, AS infinity
load average:2.43 2.91 2.40

CPU:total 4 (2 cores per cpu, 2 threads per core) family 6 model 58 stepping 9, cmov, cx8, fxsr, mmx, sse, sse2, sse3, ssse3, sse4.1, sse4.2, popcnt, avx, aes, erms, ht, tsc, tscinvbit, tscinv

Memory: 4k page, physical 8388608k(2097152k free)

/proc/meminfo:


vm_info: Java HotSpot(TM) 64-Bit Server VM (24.71-b01) for bsd-amd64 JRE (1.7.0_71-b14), built on Sep 26 2014 16:11:44 by "java_re" with gcc 4.2.1 (Based on Apple Inc. build 5658) (LLVM build 2336.11.00)

time: Wed Jun 10 12:24:14 2015
elapsed time: 2533 seconds

